TN:
SF:src\app.js
FN:8,AppController
FN:14,middlewares
FN:18,routes
FNF:3
FNH:3
FNDA:1,AppController
FNDA:1,middlewares
FNDA:1,routes
DA:1,1
DA:2,1
DA:3,1
DA:4,1
DA:5,1
DA:6,1
DA:7,1
DA:8,1
DA:9,1
DA:10,1
DA:11,1
DA:12,1
DA:13,1
DA:14,1
DA:15,1
DA:16,1
DA:17,1
DA:18,1
DA:19,1
DA:20,1
DA:21,1
DA:22,1
DA:23,1
LF:23
LH:23
BRDA:23,0,0,1
BRDA:2,1,0,0
BRDA:8,2,0,1
BRDA:14,3,0,1
BRDA:18,4,0,1
BRF:5
BRH:4
end_of_record
TN:
SF:src\routes.js
FNF:0
FNH:0
DA:1,1
DA:2,1
DA:3,1
DA:4,1
DA:5,1
DA:6,1
DA:7,1
DA:8,1
DA:9,1
DA:10,1
DA:11,1
DA:12,1
DA:13,1
DA:14,1
LF:14
LH:14
BRDA:14,0,0,1
BRDA:10,1,0,1
BRF:2
BRH:2
end_of_record
TN:
SF:src\server.js
FN:1,(empty-report)
FNF:1
FNH:0
FNDA:0,(empty-report)
DA:1,0
DA:2,0
DA:3,0
LF:3
LH:0
BRDA:1,0,0,0
BRF:1
BRH:0
end_of_record
TN:
SF:src\app\controllers\SessionController.js
FN:4,store
FNF:1
FNH:1
FNDA:3,store
DA:1,1
DA:2,1
DA:3,1
DA:4,1
DA:5,3
DA:6,3
DA:7,3
DA:8,3
DA:9,3
DA:10,0
DA:11,0
DA:12,3
DA:13,3
DA:14,1
DA:15,1
DA:16,2
DA:17,3
DA:18,0
DA:19,0
DA:20,0
DA:21,0
DA:22,1
DA:23,1
DA:24,1
LF:24
LH:18
BRDA:24,0,0,1
BRDA:4,1,0,3
BRDA:9,2,0,0
BRDA:13,3,0,1
BRDA:15,4,0,2
BRDA:17,5,0,0
BRF:6
BRH:4
end_of_record
TN:
SF:src\app\middleware\auth.js
FN:5,module.exports
FNF:1
FNH:1
FNDA:3,module.exports
DA:1,1
DA:2,1
DA:3,1
DA:4,1
DA:5,1
DA:6,1
DA:7,1
DA:8,1
DA:9,1
DA:10,1
DA:11,2
DA:12,2
DA:13,2
DA:14,2
DA:15,1
DA:16,1
DA:17,1
DA:18,1
DA:19,1
DA:20,1
DA:21,1
DA:22,1
DA:23,1
DA:24,1
DA:25,1
DA:26,1
LF:26
LH:26
BRDA:26,0,0,1
BRDA:5,1,0,3
BRDA:8,2,0,1
BRDA:10,3,0,2
BRDA:15,4,0,1
BRDA:14,5,0,0
BRDA:21,6,0,1
BRF:7
BRH:6
end_of_record
TN:
SF:src\app\models\User.js
FN:4,module.exports
FN:15,beforeSave
FN:24,User.checkPassword
FN:28,User.generateToken
FNF:4
FNH:4
FNDA:2,module.exports
FNDA:5,beforeSave
FNDA:3,User.checkPassword
FNDA:3,User.generateToken
DA:1,1
DA:2,1
DA:3,1
DA:4,1
DA:5,1
DA:6,1
DA:7,1
DA:8,1
DA:9,1
DA:10,1
DA:11,1
DA:12,1
DA:13,1
DA:14,1
DA:15,1
DA:16,5
DA:17,5
DA:18,5
DA:19,5
DA:20,1
DA:21,1
DA:22,1
DA:23,1
DA:24,1
DA:25,3
DA:26,3
DA:27,1
DA:28,1
DA:29,3
DA:30,3
DA:31,1
DA:32,1
DA:33,1
LF:33
LH:33
BRDA:33,0,0,2
BRDA:4,1,0,2
BRDA:15,2,0,5
BRDA:24,3,0,3
BRDA:28,4,0,3
BRF:5
BRH:5
end_of_record
TN:
SF:src\app\models\index.js
FNF:0
FNH:0
DA:1,1
DA:2,1
DA:3,1
DA:4,1
DA:5,1
DA:6,1
DA:7,1
DA:8,1
DA:9,1
DA:10,1
DA:11,1
DA:12,1
DA:13,1
DA:14,1
DA:15,1
DA:16,1
DA:17,1
DA:18,1
DA:19,1
DA:20,1
DA:21,1
DA:22,1
DA:23,1
DA:24,0
DA:25,0
DA:26,1
DA:27,1
DA:28,1
DA:29,1
DA:30,1
DA:31,1
LF:31
LH:29
BRDA:31,0,0,2
BRDA:15,1,0,2
BRDA:22,2,0,2
BRDA:23,3,0,0
BRF:4
BRH:3
end_of_record
TN:
SF:src\config\database.js
FNF:0
FNH:0
DA:1,1
DA:2,1
DA:3,1
DA:4,1
DA:5,1
DA:6,1
DA:7,1
DA:8,1
DA:9,1
DA:10,1
DA:11,1
DA:12,1
DA:13,1
DA:14,1
DA:15,1
DA:16,1
LF:16
LH:16
BRDA:16,0,0,2
BRDA:2,1,0,0
BRDA:7,2,0,0
BRF:3
BRH:1
end_of_record
